<?xml version="1.0" encoding="UTF-8"?>
<!-- Generated by org.testng.reporters.JUnitReportReporter -->
<testsuite skipped="0" hostname="DESKTOP-A9DN365" name="com.TestNg.TestCases.testNgAnnotations" tests="5" failures="0" timestamp="22 Oct 2021 18:29:15 GMT" time="0.024" errors="0">
  <testcase name="case2" time="0.004" classname="com.TestNg.TestCases.testNgAnnotations"/>
  <testcase name="Bestcase3" time="0.009" classname="com.TestNg.TestCases.testNgAnnotations"/>
  <testcase name="Cestcase5" time="0.006" classname="com.TestNg.TestCases.testNgAnnotations"/>
  <testcase name="testcase1" time="0.002" classname="com.TestNg.TestCases.testNgAnnotations"/>
  <testcase name="Testcase4" time="0.003" classname="com.TestNg.TestCases.testNgAnnotations"/>
</testsuite> <!-- com.TestNg.TestCases.testNgAnnotations -->
